<?xml version="1.0" encoding="UTF-8"?>
<!-- Generated by org.testng.reporters.JUnitReportReporter -->
<testsuite hostname="Ranas-MacBook-Air.local" failures="0" tests="6" name="api.test.DDtests" time="2.168" errors="0" timestamp="2024-10-01T16:06:26 GMT-05:00" skipped="0">
  <testcase classname="api.test.DDtests" name="testPOSTuser" time="1.117"/>
  <system-out/>
  <testcase classname="api.test.DDtests" name="testPOSTuser" time="0.212"/>
  <system-out/>
  <testcase classname="api.test.DDtests" name="testPOSTuser" time="0.213"/>
  <system-out/>
  <testcase classname="api.test.DDtests" name="testDeleteUserByName" time="0.202"/>
  <system-out/>
  <testcase classname="api.test.DDtests" name="testDeleteUserByName" time="0.214"/>
  <system-out/>
  <testcase classname="api.test.DDtests" name="testDeleteUserByName" time="0.210"/>
  <system-out/>
</testsuite> <!-- api.test.DDtests -->
