<?xml version="1.0" encoding="UTF-8"?>
<!-- Generated by org.testng.reporters.JUnitReportReporter -->
<testsuite hostname="Ranas-MacBook-Air.local" failures="0" tests="4" name="api.test.UserTests2" time="1.780" errors="0" timestamp="2024-10-03T11:55:24 GMT-05:00" skipped="0">
  <testcase classname="api.test.UserTests2" name="testPOSTuser" time="0.940"/>
  <system-out/>
  <testcase classname="api.test.UserTests2" name="testGetuserbyname" time="0.216"/>
  <system-out/>
  <testcase classname="api.test.UserTests2" name="testupdateuser" time="0.421"/>
  <system-out/>
  <testcase classname="api.test.UserTests2" name="testDeleteUserByName" time="0.203"/>
  <system-out/>
</testsuite> <!-- api.test.UserTests2 -->
