<?xml version="1.0" encoding="UTF-8"?>
<!-- Generated by org.testng.reporters.JUnitReportReporter -->
<testsuite hostname="Ranas-MacBook-Air.local" failures="0" tests="4" name="api.test.UserTests" time="1.983" errors="0" timestamp="2024-09-30T11:45:12 GMT-05:00" skipped="0">
  <testcase classname="api.test.UserTests" name="testPOSTuser" time="1.125"/>
  <system-out/>
  <testcase classname="api.test.UserTests" name="testGetuserbyname" time="0.216"/>
  <system-out/>
  <testcase classname="api.test.UserTests" name="testupdateuser" time="0.424"/>
  <system-out/>
  <testcase classname="api.test.UserTests" name="testDeleteUserByName" time="0.218"/>
  <system-out/>
</testsuite> <!-- api.test.UserTests -->
