<?xml version="1.0" encoding="UTF-8"?>
<!-- Generated by org.testng.reporters.JUnitReportReporter -->
<testsuite hostname="Ranas-MacBook-Air.local" failures="0" tests="4" name="api.test.UserTests" time="1.975" errors="0" timestamp="2024-10-03T13:39:52 GMT-05:00" skipped="0">
  <testcase classname="api.test.UserTests" name="testPOSTuser" time="1.123"/>
  <system-out/>
  <testcase classname="api.test.UserTests" name="testGetuserbyname" time="0.212"/>
  <system-out/>
  <testcase classname="api.test.UserTests" name="testupdateuser" time="0.416"/>
  <system-out/>
  <testcase classname="api.test.UserTests" name="testDeleteUserByName" time="0.224"/>
  <system-out/>
</testsuite> <!-- api.test.UserTests -->
